<?xml version="1.0" encoding="UTF-8"?>
<testsuite name="TaskTest" tests="6" skipped="0" failures="0" errors="0" timestamp="2015-08-25T18:19:06" hostname="epicodus-107.local" time="0.056">
  <properties/>
  <testcase name="save_returnsTrueIfDescriptionsAretheSame" classname="TaskTest" time="0.013"/>
  <testcase name="equals_returnsTrueIfDescriptionsAreTheSame" classname="TaskTest" time="0.005"/>
  <testcase name="all_emptyAtFirst" classname="TaskTest" time="0.008"/>
  <testcase name="equals_returnsFalseIfDescriptionsAreTheSame" classname="TaskTest" time="0.005"/>
  <testcase name="save_assignsIdToObject" classname="TaskTest" time="0.013"/>
  <testcase name="find_findsTaskInDatabase_true" classname="TaskTest" time="0.012"/>
  <system-out><![CDATA[]]></system-out>
  <system-err><![CDATA[]]></system-err>
</testsuite>
