<?xml version="1.0" encoding="UTF-8"?>
<testsuite name="CategoryTest" tests="7" skipped="0" failures="0" errors="0" timestamp="2015-08-26T20:29:16" hostname="epicodus-107.local" time="0.092">
  <properties/>
  <testcase name="getTasks_retrievesAllTasksFromDatabase_tasksList" classname="CategoryTest" time="0.021"/>
  <testcase name="all_emptyAtFirst" classname="CategoryTest" time="0.007"/>
  <testcase name="equals_returnsTrueIfNamesAreTheSame" classname="CategoryTest" time="0.004"/>
  <testcase name="update_changesCategoryNameInDatabase_true" classname="CategoryTest" time="0.016"/>
  <testcase name="save_savesIntoDatabase_true" classname="CategoryTest" time="0.012"/>
  <testcase name="find_findsCategoryInDatabase_true" classname="CategoryTest" time="0.013"/>
  <testcase name="delete_deletesCategoryFromDatabase_true" classname="CategoryTest" time="0.017"/>
  <system-out><![CDATA[]]></system-out>
  <system-err><![CDATA[]]></system-err>
</testsuite>
