<?xml version="1.0" encoding="UTF-8"?>
<testsuite name="RestaurantTest" tests="7" skipped="0" failures="0" errors="0" timestamp="2015-08-26T22:58:40" hostname="epicodus-107.local" time="0.075">
  <properties/>
  <testcase name="save_returnsTrueIfDescriptionsAretheSame" classname="RestaurantTest" time="0.013"/>
  <testcase name="delete_deletesTaskFromDatabase_true" classname="RestaurantTest" time="0.022"/>
  <testcase name="equals_returnsTrueIfDescriptionsAreTheSame" classname="RestaurantTest" time="0.004"/>
  <testcase name="all_emptyAtFirst" classname="RestaurantTest" time="0.007"/>
  <testcase name="equals_returnsFalseIfDescriptionsAreTheSame" classname="RestaurantTest" time="0.004"/>
  <testcase name="save_assignsIdToObject" classname="RestaurantTest" time="0.013"/>
  <testcase name="find_findsTaskInDatabase_true" classname="RestaurantTest" time="0.012"/>
  <system-out><![CDATA[]]></system-out>
  <system-err><![CDATA[]]></system-err>
</testsuite>
